  Being.cpp
  Button.cpp
  Entity.cpp
  ColisionManager.cpp
  Enemy.cpp
  FireBlock.cpp
  FlyingBlock.cpp
  Level1.cpp
C:\Users\thoma_000\source\repos\Thomas-Pinton\Game\Game\Level1.cpp(118,15): warning C4244: 'argumento': conversão de 'time_t' para 'unsigned int', possível perda de dados
C:\Users\thoma_000\source\repos\Thomas-Pinton\Game\Game\Level1.cpp(128,35): warning C4244: 'argumento': conversão de 'int' para 'float', possível perda de dados
  Menu.cpp
  Mud.cpp
  Mushroom.cpp
  Player.cpp
  Level.cpp
  EntitiesList.cpp
  main.cpp
  GraphicManager.cpp
  Character.cpp
  Game.cpp
  Obstacle.cpp
  Gerando código
  110 of 427 functions (25.8%) were compiled, the rest were copied from previous compilation.
    8 functions were new in current compilation
    20 functions had inline decision re-evaluated but remain unchanged
  Finalizada a geração de código
  Game.vcxproj -> C:\Users\thoma_000\source\repos\Thomas-Pinton\Game\Release\Game.exe
